<?xml version="1.0" encoding="UTF-8"?>
<!-- Generated by org.testng.reporters.JUnitReportReporter -->
<testsuite hostname="LAPTOP-41JF7SVE" failures="0" tests="1" name="testCases.AccountCreationTest" time="12.806" errors="0" timestamp="2024-04-03T18:09:51 IST" skipped="0">
  <testcase classname="testCases.AccountCreationTest" name="testCase01" time="12.806"/>
</testsuite> <!-- testCases.AccountCreationTest -->
