<?xml version="1.0" encoding="UTF-8"?>
<!-- Generated by org.testng.reporters.JUnitReportReporter -->
<testsuite hostname="LAPTOP-41JF7SVE" failures="0" tests="1" name="testCases.LoginWithInvalidData" time="3.054" errors="0" timestamp="2024-05-18T19:10:29 IST" skipped="0">
  <testcase classname="testCases.LoginWithInvalidData" name="testCase03" time="3.054"/>
</testsuite> <!-- testCases.LoginWithInvalidData -->
