<?xml version="1.0" encoding="UTF-8"?>
<!-- Generated by org.testng.reporters.JUnitReportReporter -->
<testsuite hostname="LAPTOP-41JF7SVE" failures="0" tests="1" name="testCases.LoginTest" time="3.555" errors="0" timestamp="2024-05-18T18:55:37 IST" skipped="0">
  <testcase classname="testCases.LoginTest" name="testCase02" time="3.555"/>
</testsuite> <!-- testCases.LoginTest -->
