<?xml version="1.0" encoding="UTF-8"?>
<!-- Generated by org.testng.reporters.JUnitReportReporter -->
<testsuite hostname="LAPTOP-41JF7SVE" failures="0" tests="2" name="testCases.AccountRegistration" time="0.022" errors="0" timestamp="2024-03-18T15:18:15 IST" skipped="0">
  <testcase classname="testCases.AccountRegistration" name="testCase01" time="0.020"/>
  <testcase classname="testCases.AccountRegistration" name="testCase02" time="0.002"/>
</testsuite> <!-- testCases.AccountRegistration -->
